#-----------------------------------------------------------
# Vivado v2018.2 (64-bit)
# SW Build 2258646 on Thu Jun 14 20:03:12 MDT 2018
# IP Build 2256618 on Thu Jun 14 22:10:49 MDT 2018
# Start of session at: Sat Jul 23 14:11:02 2022
# Process ID: 3836
# Current directory: E:/Academia @ CSE/Semester 02/CS1050 Computer Organization and Digital Design/Xlinix Vivado/Nano_Final/Nano
# Command line: vivado.exe -gui_launcher_event rodinguilauncherevent4616 E:\Academia @ CSE\Semester 02\CS1050 Computer Organization and Digital Design\Xlinix Vivado\Nano_Final\Nano\Nano.xpr
# Log file: E:/Academia @ CSE/Semester 02/CS1050 Computer Organization and Digital Design/Xlinix Vivado/Nano_Final/Nano/vivado.log
# Journal file: E:/Academia @ CSE/Semester 02/CS1050 Computer Organization and Digital Design/Xlinix Vivado/Nano_Final/Nano\vivado.jou
#-----------------------------------------------------------
start_gui
open_project {E:/Academia @ CSE/Semester 02/CS1050 Computer Organization and Digital Design/Xlinix Vivado/Nano_Final/Nano/Nano.xpr}
INFO: [ProjectBase 1-489] The host OS only allows 260 characters in a normal path. The project is stored in a path with more than 80 characters. If you experience issues with IP, Block Designs, or files not being found, please consider moving the project to a location with a shorter path. Alternately consider using the OS subst command to map part of the path to a drive letter.
Current project path is 'E:/Academia @ CSE/Semester 02/CS1050 Computer Organization and Digital Design/Xlinix Vivado/Nano_Final/Nano'
Scanning sources...
Finished scanning sources
INFO: [IP_Flow 19-234] Refreshing IP repositories
INFO: [IP_Flow 19-1704] No user IP repositories specified
INFO: [IP_Flow 19-2313] Loaded Vivado IP repository 'C:/Xilinx/Vivado/2018.2/data/ip'.
open_project: Time (s): cpu = 00:00:10 ; elapsed = 00:00:06 . Memory (MB): peak = 805.215 ; gain = 117.754
update_compile_order -fileset sources_1
exit
INFO: [Common 17-206] Exiting Vivado at Sat Jul 23 14:21:20 2022...
